{"name": "test_03_perform_dpp_actions[9000000000-876302]", "status": "broken", "statusDetails": {"message": "selenium.common.exceptions.TimeoutException: Message: \nStacktrace:\nNoSuchElementError: An element could not be located on the page using the given search parameters.\n    at AndroidUiautomator2Driver.findElOrEls (/Users/ssd/node_modules/appium-uiautomator2-driver/node_modules/appium-android-driver/lib/commands/find.ts:86:11)\n    at processTicksAndRejections (node:internal/process/task_queues:105:5)\n    at AndroidUiautomator2Driver.findElOrElsWithProcessing (/Users/ssd/node_modules/appium-uiautomator2-driver/node_modules/@appium/base-driver/lib/basedriver/commands/find.ts:60:12)\n    at AndroidUiautomator2Driver.findElement (/Users/ssd/node_modules/appium-uiautomator2-driver/node_modules/@appium/base-driver/lib/basedriver/commands/find.ts:75:12)", "trace": "self = <TestCases.test_neetprep_end2end.Test_NeetPrep_EndToEnd object at 0x10bb2b100>, appium_driver_continuous = <appium.webdriver.webdriver.WebDriver (session=\"1f41707b-e595-4882-8f2a-b7b8a111a696\")>\nmobileNumber = '9000000000', otp = '876302'\n\n    def test_03_perform_dpp_actions(self, appium_driver_continuous, mobileNumber, otp):\n        \"\"\"Step 3: Perform actions on the Daily DPP screen.\"\"\"\n        # The app is already on the Daily DPP screen\n        self.dpp = dailyDppScreen(self.driver)\n        print(\"Executing Daily DPP test logic...\")\n    \n>       self.dpp.dailyDpp()\n\ntest_neetprep_end2end.py:36: \n_ _ _ _ _ _ _ _ _ _ _ _ _ _ _ _ _ _ _ _ _ _ _ _ _ _ _ _ _ _ _ _ _ _ _ _ _ _ _ _ _ _ _ _ _ _ _ _ _ _ _ _ _ _ _ _ _ _ _ _ _ _ _ _ _ _ _ _ _ _ _ _ _ _ _ _ _ _ _ _ _ _ _ _ _ _ _ _ _ _ _ _ _ _ _ _ _ _ _ _ _ _ _ _ _ _\n../Pages/dailyDppScreen.py:11: in dailyDpp\n    self.click(\"selectCorrectOptionBy_ID\")\n../Pages/BasePage.py:50: in click\n    element = self.get_element(locator)\n              ^^^^^^^^^^^^^^^^^^^^^^^^^\n../Pages/BasePage.py:38: in get_element\n    element = self.wait.until(EC.visibility_of_element_located((by, locator_value)))\n              ^^^^^^^^^^^^^^^^^^^^^^^^^^^^^^^^^^^^^^^^^^^^^^^^^^^^^^^^^^^^^^^^^^^^^^\n_ _ _ _ _ _ _ _ _ _ _ _ _ _ _ _ _ _ _ _ _ _ _ _ _ _ _ _ _ _ _ _ _ _ _ _ _ _ _ _ _ _ _ _ _ _ _ _ _ _ _ _ _ _ _ _ _ _ _ _ _ _ _ _ _ _ _ _ _ _ _ _ _ _ _ _ _ _ _ _ _ _ _ _ _ _ _ _ _ _ _ _ _ _ _ _ _ _ _ _ _ _ _ _ _ _\n\nself = <selenium.webdriver.support.wait.WebDriverWait (session=\"00d43c4d-a2de-4feb-b96d-09b30a4db496\")>, method = <function visibility_of_element_located.<locals>._predicate at 0x10bc63d80>, message = ''\n\n    def until(self, method: Callable[[D], Union[Literal[False], T]], message: str = \"\") -> T:\n        \"\"\"Wait until the method returns a value that is not False.\n    \n        Calls the method provided with the driver as an argument until the\n        return value does not evaluate to ``False``.\n    \n        Parameters:\n        -----------\n        method: callable(WebDriver)\n            - A callable object that takes a WebDriver instance as an argument.\n    \n        message: str\n            - Optional message for :exc:`TimeoutException`\n    \n        Return:\n        -------\n        object: T\n            - The result of the last call to `method`\n    \n        Raises:\n        -------\n        TimeoutException\n            - If 'method' does not return a truthy value within the WebDriverWait\n            object's timeout\n    \n        Example:\n        --------\n        >>> from selenium.webdriver.common.by import By\n        >>> from selenium.webdriver.support.ui import WebDriverWait\n        >>> from selenium.webdriver.support import expected_conditions as EC\n    \n        # Wait until an element is visible on the page\n        >>> wait = WebDriverWait(driver, 10)\n        >>> element = wait.until(EC.visibility_of_element_located((By.ID, \"exampleId\")))\n        >>> print(element.text)\n        \"\"\"\n        screen = None\n        stacktrace = None\n    \n        end_time = time.monotonic() + self._timeout\n        while True:\n            try:\n                value = method(self._driver)\n                if value:\n                    return value\n            except self._ignored_exceptions as exc:\n                screen = getattr(exc, \"screen\", None)\n                stacktrace = getattr(exc, \"stacktrace\", None)\n            if time.monotonic() > end_time:\n                break\n            time.sleep(self._poll)\n>       raise TimeoutException(message, screen, stacktrace)\nE       selenium.common.exceptions.TimeoutException: Message: \nE       Stacktrace:\nE       NoSuchElementError: An element could not be located on the page using the given search parameters.\nE           at AndroidUiautomator2Driver.findElOrEls (/Users/ssd/node_modules/appium-uiautomator2-driver/node_modules/appium-android-driver/lib/commands/find.ts:86:11)\nE           at processTicksAndRejections (node:internal/process/task_queues:105:5)\nE           at AndroidUiautomator2Driver.findElOrElsWithProcessing (/Users/ssd/node_modules/appium-uiautomator2-driver/node_modules/@appium/base-driver/lib/basedriver/commands/find.ts:60:12)\nE           at AndroidUiautomator2Driver.findElement (/Users/ssd/node_modules/appium-uiautomator2-driver/node_modules/@appium/base-driver/lib/basedriver/commands/find.ts:75:12)\n\n/usr/local/lib/python3.13/site-packages/selenium/webdriver/support/wait.py:146: TimeoutException"}, "description": "Step 3: Perform actions on the Daily DPP screen.", "attachments": [{"name": "log", "source": "3ac81c9b-ab7b-476e-a9c6-eb7a5c15fe5a-attachment.txt", "type": "text/plain"}, {"name": "stdout", "source": "b41825c8-e8dc-40f8-8773-1376b8df99e7-attachment.txt", "type": "text/plain"}], "parameters": [{"name": "mobileNumber", "value": "'9000000000'"}, {"name": "otp", "value": "'876302'"}], "start": 1766578583463, "stop": 1766578620084, "uuid": "94c79c33-de8a-4898-ad35-5fdf2831862c", "historyId": "30a4654a84660bce7bac34d56dcc06c2", "testCaseId": "cbb2806de23628de0cde96703fac9d03", "fullName": "TestCases.test_neetprep_end2end.Test_NeetPrep_EndToEnd#test_03_perform_dpp_actions", "labels": [{"name": "parentSuite", "value": "TestCases"}, {"name": "suite", "value": "test_neetprep_end2end"}, {"name": "subSuite", "value": "Test_NeetPrep_EndToEnd"}, {"name": "host", "value": "SSDs-MBP.lan"}, {"name": "thread", "value": "72396-MainThread"}, {"name": "framework", "value": "pytest"}, {"name": "language", "value": "cpython3"}, {"name": "package", "value": "TestCases.test_neetprep_end2end"}], "titlePath": ["TestCases", "test_neetprep_end2end.py", "Test_NeetPrep_EndToEnd"]}