{"name": "test_02_navigate_to_dpp[9000000000-876302]", "status": "broken", "statusDetails": {"message": "selenium.common.exceptions.TimeoutException: Message: \nStacktrace:\nNoSuchElementError: An element could not be located on the page using the given search parameters.\n    at AndroidUiautomator2Driver.findElOrEls (/Users/ssd/node_modules/appium-uiautomator2-driver/node_modules/appium-android-driver/lib/commands/find.ts:86:11)\n    at processTicksAndRejections (node:internal/process/task_queues:105:5)\n    at AndroidUiautomator2Driver.findElOrElsWithProcessing (/Users/ssd/node_modules/appium-uiautomator2-driver/node_modules/@appium/base-driver/lib/basedriver/commands/find.ts:60:12)\n    at AndroidUiautomator2Driver.findElement (/Users/ssd/node_modules/appium-uiautomator2-driver/node_modules/@appium/base-driver/lib/basedriver/commands/find.ts:75:12)", "trace": "self = <TestCases.test_neetprep_end2end.Test_NeetPrep_EndToEnd object at 0x10bc391d0>, appium_driver_continuous = <appium.webdriver.webdriver.WebDriver (session=\"1f41707b-e595-4882-8f2a-b7b8a111a696\")>\nmobileNumber = '9000000000', otp = '876302'\n\n    def test_02_navigate_to_dpp(self, appium_driver_continuous, mobileNumber, otp):\n        \"\"\"Step 2: Start from Home and navigate to Daily DPP.\"\"\"\n        # The app is already logged in from the previous step\n        self.home = HomeScreen(self.driver)\n        print(\"Navigating to Daily DPP...\")\n    \n>       self.home.gotoDailyDpp()\n\ntest_neetprep_end2end.py:28: \n_ _ _ _ _ _ _ _ _ _ _ _ _ _ _ _ _ _ _ _ _ _ _ _ _ _ _ _ _ _ _ _ _ _ _ _ _ _ _ _ _ _ _ _ _ _ _ _ _ _ _ _ _ _ _ _ _ _ _ _ _ _ _ _ _ _ _ _ _ _ _ _ _ _ _ _ _ _ _ _ _ _ _ _ _ _ _ _ _ _ _ _ _ _ _ _ _ _ _ _ _ _ _ _ _ _\n../Pages/HomeScreen.py:10: in gotoDailyDpp\n    self.click(\"dailyDpp_XPATH\")\n../Pages/BasePage.py:50: in click\n    element = self.get_element(locator)\n              ^^^^^^^^^^^^^^^^^^^^^^^^^\n../Pages/BasePage.py:38: in get_element\n    element = self.wait.until(EC.visibility_of_element_located((by, locator_value)))\n              ^^^^^^^^^^^^^^^^^^^^^^^^^^^^^^^^^^^^^^^^^^^^^^^^^^^^^^^^^^^^^^^^^^^^^^\n_ _ _ _ _ _ _ _ _ _ _ _ _ _ _ _ _ _ _ _ _ _ _ _ _ _ _ _ _ _ _ _ _ _ _ _ _ _ _ _ _ _ _ _ _ _ _ _ _ _ _ _ _ _ _ _ _ _ _ _ _ _ _ _ _ _ _ _ _ _ _ _ _ _ _ _ _ _ _ _ _ _ _ _ _ _ _ _ _ _ _ _ _ _ _ _ _ _ _ _ _ _ _ _ _ _\n\nself = <selenium.webdriver.support.wait.WebDriverWait (session=\"be9ae033-462f-4563-8de7-e9c32e1663ca\")>, method = <function visibility_of_element_located.<locals>._predicate at 0x10bd42520>, message = ''\n\n    def until(self, method: Callable[[D], Union[Literal[False], T]], message: str = \"\") -> T:\n        \"\"\"Wait until the method returns a value that is not False.\n    \n        Calls the method provided with the driver as an argument until the\n        return value does not evaluate to ``False``.\n    \n        Parameters:\n        -----------\n        method: callable(WebDriver)\n            - A callable object that takes a WebDriver instance as an argument.\n    \n        message: str\n            - Optional message for :exc:`TimeoutException`\n    \n        Return:\n        -------\n        object: T\n            - The result of the last call to `method`\n    \n        Raises:\n        -------\n        TimeoutException\n            - If 'method' does not return a truthy value within the WebDriverWait\n            object's timeout\n    \n        Example:\n        --------\n        >>> from selenium.webdriver.common.by import By\n        >>> from selenium.webdriver.support.ui import WebDriverWait\n        >>> from selenium.webdriver.support import expected_conditions as EC\n    \n        # Wait until an element is visible on the page\n        >>> wait = WebDriverWait(driver, 10)\n        >>> element = wait.until(EC.visibility_of_element_located((By.ID, \"exampleId\")))\n        >>> print(element.text)\n        \"\"\"\n        screen = None\n        stacktrace = None\n    \n        end_time = time.monotonic() + self._timeout\n        while True:\n            try:\n                value = method(self._driver)\n                if value:\n                    return value\n            except self._ignored_exceptions as exc:\n                screen = getattr(exc, \"screen\", None)\n                stacktrace = getattr(exc, \"stacktrace\", None)\n            if time.monotonic() > end_time:\n                break\n            time.sleep(self._poll)\n>       raise TimeoutException(message, screen, stacktrace)\nE       selenium.common.exceptions.TimeoutException: Message: \nE       Stacktrace:\nE       NoSuchElementError: An element could not be located on the page using the given search parameters.\nE           at AndroidUiautomator2Driver.findElOrEls (/Users/ssd/node_modules/appium-uiautomator2-driver/node_modules/appium-android-driver/lib/commands/find.ts:86:11)\nE           at processTicksAndRejections (node:internal/process/task_queues:105:5)\nE           at AndroidUiautomator2Driver.findElOrElsWithProcessing (/Users/ssd/node_modules/appium-uiautomator2-driver/node_modules/@appium/base-driver/lib/basedriver/commands/find.ts:60:12)\nE           at AndroidUiautomator2Driver.findElement (/Users/ssd/node_modules/appium-uiautomator2-driver/node_modules/@appium/base-driver/lib/basedriver/commands/find.ts:75:12)\n\n/usr/local/lib/python3.13/site-packages/selenium/webdriver/support/wait.py:146: TimeoutException"}, "description": "Step 2: Start from Home and navigate to Daily DPP.", "attachments": [{"name": "log", "source": "c2f29243-12ea-4638-acd2-80df0f8bcc97-attachment.txt", "type": "text/plain"}, {"name": "stdout", "source": "64c8e5d1-cefd-4d2b-910a-72a83631dc44-attachment.txt", "type": "text/plain"}], "parameters": [{"name": "mobileNumber", "value": "'9000000000'"}, {"name": "otp", "value": "'876302'"}], "start": 1766578530495, "stop": 1766578562832, "uuid": "0b61c08b-6eeb-4f70-b756-8df903df0f46", "historyId": "446a8805e7c5613d1a8aa23ac4c03b80", "testCaseId": "6f6fb205b5df994fed5c9f954700c85b", "fullName": "TestCases.test_neetprep_end2end.Test_NeetPrep_EndToEnd#test_02_navigate_to_dpp", "labels": [{"name": "parentSuite", "value": "TestCases"}, {"name": "suite", "value": "test_neetprep_end2end"}, {"name": "subSuite", "value": "Test_NeetPrep_EndToEnd"}, {"name": "host", "value": "SSDs-MBP.lan"}, {"name": "thread", "value": "72396-MainThread"}, {"name": "framework", "value": "pytest"}, {"name": "language", "value": "cpython3"}, {"name": "package", "value": "TestCases.test_neetprep_end2end"}], "titlePath": ["TestCases", "test_neetprep_end2end.py", "Test_NeetPrep_EndToEnd"]}