{"name": "test_03_perform_dpp_actions[9000000000-876302]", "status": "broken", "statusDetails": {"message": "selenium.common.exceptions.InvalidArgumentException: Message: 'automationName' is required to be present; 'platformName' is required to be present\nStacktrace:\nInvalidArgumentError: 'automationName' is required to be present; 'platformName' is required to be present\n    at processCapabilities (/Users/ssd/node_modules/@appium/base-driver/lib/basedriver/capabilities.ts:338:13)\n    at parseCapsForInnerDriver (/Users/ssd/.npm-global/lib/node_modules/appium/lib/utils.js:126:38)\n    at AppiumDriver.createSession (/Users/ssd/.npm-global/lib/node_modules/appium/lib/appium.js:283:49)\n    at runCommandPromise (/Users/ssd/node_modules/@appium/base-driver/lib/basedriver/driver.ts:116:20)\n    at AppiumDriver.executeCommand (/Users/ssd/node_modules/@appium/base-driver/lib/basedriver/driver.ts:161:15)\n    at processTicksAndRejections (node:internal/process/task_queues:105:5)\n    at defaultBehavior (/Users/ssd/.npm-global/lib/node_modules/appium/lib/appium.js:726:16)\n    at AppiumDriver.executeWrappedCommand (/Users/ssd/.npm-global/lib/node_modules/appium/lib/appium.js:843:16)\n    at AppiumDriver.executeCommand (/Users/ssd/.npm-global/lib/node_modules/appium/lib/appium.js:742:17)\n    at asyncHandler (/Users/ssd/node_modules/@appium/base-driver/lib/protocol/protocol.ts:409:19)", "trace": "request = <SubRequest 'appium_driver_continuous' for <Function test_01_login_step[9000000000-876302]>>, appium_service_start_stop = <appium.webdriver.appium_service.AppiumService object at 0x1079c3230>\n\n    @pytest.fixture(scope=\"class\")\n    def appium_driver_continuous(request, appium_service_start_stop):\n        \"\"\"Initializes the driver once for the entire class to allow step-by-step E2E flow.\"\"\"\n        options = AppiumOptions()\n        # ... (Copy the same capabilities from your appium_driver here) ...\n        options.set_capability('noReset', True) # Critical: Don't clear data between steps\n    \n        log.info(\"Starting CONTINUOUS session for E2E flow...\")\n>       driver = webdriver.Remote('http://localhost:4723', options=options)\n                 ^^^^^^^^^^^^^^^^^^^^^^^^^^^^^^^^^^^^^^^^^^^^^^^^^^^^^^^^^^\n\nconftest.py:103: \n_ _ _ _ _ _ _ _ _ _ _ _ _ _ _ _ _ _ _ _ _ _ _ _ _ _ _ _ _ _ _ _ _ _ _ _ _ _ _ _ _ _ _ _ _ _ _ _ _ _ _ _ _ _ _ _ _ _ _ _ _ _ _ _ _ _ _ _ _ _ _ _ _ _ _ _ _ _ _ _ _ _ _ _ _ _ _ _ _ _ _ _ _ _ _ _ _ _ _ _ _ _ _ _ _ _\n/usr/local/lib/python3.13/site-packages/appium/webdriver/webdriver.py:227: in __init__\n    super().__init__(\n/usr/local/lib/python3.13/site-packages/selenium/webdriver/remote/webdriver.py:250: in __init__\n    self.start_session(capabilities)\n/usr/local/lib/python3.13/site-packages/appium/webdriver/webdriver.py:319: in start_session\n    response = self.execute(RemoteCommand.NEW_SESSION, w3c_caps)\n               ^^^^^^^^^^^^^^^^^^^^^^^^^^^^^^^^^^^^^^^^^^^^^^^^^\n/usr/local/lib/python3.13/site-packages/selenium/webdriver/remote/webdriver.py:429: in execute\n    self.error_handler.check_response(response)\n_ _ _ _ _ _ _ _ _ _ _ _ _ _ _ _ _ _ _ _ _ _ _ _ _ _ _ _ _ _ _ _ _ _ _ _ _ _ _ _ _ _ _ _ _ _ _ _ _ _ _ _ _ _ _ _ _ _ _ _ _ _ _ _ _ _ _ _ _ _ _ _ _ _ _ _ _ _ _ _ _ _ _ _ _ _ _ _ _ _ _ _ _ _ _ _ _ _ _ _ _ _ _ _ _ _\n\nself = <selenium.webdriver.remote.errorhandler.ErrorHandler object at 0x107b40b90>\nresponse = {'status': 400, 'value': '{\"value\":{\"error\":\"invalid argument\",\"message\":\"\\'automationName\\' is required to be present...ium.js:742:17)\\\\n    at asyncHandler (/Users/ssd/node_modules/@appium/base-driver/lib/protocol/protocol.ts:409:19)\"}}'}\n\n    def check_response(self, response: Dict[str, Any]) -> None:\n        \"\"\"Checks that a JSON response from the WebDriver does not have an\n        error.\n    \n        :Args:\n         - response - The JSON response from the WebDriver server as a dictionary\n           object.\n    \n        :Raises: If the response contains an error message.\n        \"\"\"\n        status = response.get(\"status\", None)\n        if not status or status == ErrorCode.SUCCESS:\n            return\n        value = None\n        message = response.get(\"message\", \"\")\n        screen: str = response.get(\"screen\", \"\")\n        stacktrace = None\n        if isinstance(status, int):\n            value_json = response.get(\"value\", None)\n            if value_json and isinstance(value_json, str):\n                import json\n    \n                try:\n                    value = json.loads(value_json)\n                    if len(value) == 1:\n                        value = value[\"value\"]\n                    status = value.get(\"error\", None)\n                    if not status:\n                        status = value.get(\"status\", ErrorCode.UNKNOWN_ERROR)\n                        message = value.get(\"value\") or value.get(\"message\")\n                        if not isinstance(message, str):\n                            value = message\n                            message = message.get(\"message\")\n                    else:\n                        message = value.get(\"message\", None)\n                except ValueError:\n                    pass\n    \n        exception_class: Type[WebDriverException]\n        e = ErrorCode()\n        error_codes = [item for item in dir(e) if not item.startswith(\"__\")]\n        for error_code in error_codes:\n            error_info = getattr(ErrorCode, error_code)\n            if isinstance(error_info, list) and status in error_info:\n                exception_class = getattr(ExceptionMapping, error_code, WebDriverException)\n                break\n        else:\n            exception_class = WebDriverException\n    \n        if not value:\n            value = response[\"value\"]\n        if isinstance(value, str):\n            raise exception_class(value)\n        if message == \"\" and \"message\" in value:\n            message = value[\"message\"]\n    \n        screen = None  # type: ignore[assignment]\n        if \"screen\" in value:\n            screen = value[\"screen\"]\n    \n        stacktrace = None\n        st_value = value.get(\"stackTrace\") or value.get(\"stacktrace\")\n        if st_value:\n            if isinstance(st_value, str):\n                stacktrace = st_value.split(\"\\n\")\n            else:\n                stacktrace = []\n                try:\n                    for frame in st_value:\n                        line = frame.get(\"lineNumber\", \"\")\n                        file = frame.get(\"fileName\", \"<anonymous>\")\n                        if line:\n                            file = f\"{file}:{line}\"\n                        meth = frame.get(\"methodName\", \"<anonymous>\")\n                        if \"className\" in frame:\n                            meth = f\"{frame['className']}.{meth}\"\n                        msg = \"    at %s (%s)\"\n                        msg = msg % (meth, file)\n                        stacktrace.append(msg)\n                except TypeError:\n                    pass\n        if exception_class == UnexpectedAlertPresentException:\n            alert_text = None\n            if \"data\" in value:\n                alert_text = value[\"data\"].get(\"text\")\n            elif \"alert\" in value:\n                alert_text = value[\"alert\"].get(\"text\")\n            raise exception_class(message, screen, stacktrace, alert_text)  # type: ignore[call-arg]  # mypy is not smart enough here\n>       raise exception_class(message, screen, stacktrace)\nE       selenium.common.exceptions.InvalidArgumentException: Message: 'automationName' is required to be present; 'platformName' is required to be present\nE       Stacktrace:\nE       InvalidArgumentError: 'automationName' is required to be present; 'platformName' is required to be present\nE           at processCapabilities (/Users/ssd/node_modules/@appium/base-driver/lib/basedriver/capabilities.ts:338:13)\nE           at parseCapsForInnerDriver (/Users/ssd/.npm-global/lib/node_modules/appium/lib/utils.js:126:38)\nE           at AppiumDriver.createSession (/Users/ssd/.npm-global/lib/node_modules/appium/lib/appium.js:283:49)\nE           at runCommandPromise (/Users/ssd/node_modules/@appium/base-driver/lib/basedriver/driver.ts:116:20)\nE           at AppiumDriver.executeCommand (/Users/ssd/node_modules/@appium/base-driver/lib/basedriver/driver.ts:161:15)\nE           at processTicksAndRejections (node:internal/process/task_queues:105:5)\nE           at defaultBehavior (/Users/ssd/.npm-global/lib/node_modules/appium/lib/appium.js:726:16)\nE           at AppiumDriver.executeWrappedCommand (/Users/ssd/.npm-global/lib/node_modules/appium/lib/appium.js:843:16)\nE           at AppiumDriver.executeCommand (/Users/ssd/.npm-global/lib/node_modules/appium/lib/appium.js:742:17)\nE           at asyncHandler (/Users/ssd/node_modules/@appium/base-driver/lib/protocol/protocol.ts:409:19)\n\n/usr/local/lib/python3.13/site-packages/selenium/webdriver/remote/errorhandler.py:232: InvalidArgumentException"}, "description": "Step 3: Perform actions on the Daily DPP screen.", "parameters": [{"name": "mobileNumber", "value": "'9000000000'"}, {"name": "otp", "value": "'876302'"}], "start": 1766577261477, "stop": 1766577261477, "uuid": "72b31ca6-a32a-4368-9069-c7bc139e1e03", "historyId": "30a4654a84660bce7bac34d56dcc06c2", "testCaseId": "cbb2806de23628de0cde96703fac9d03", "fullName": "TestCases.test_neetprep_end2end.Test_NeetPrep_EndToEnd#test_03_perform_dpp_actions", "labels": [{"name": "parentSuite", "value": "TestCases"}, {"name": "suite", "value": "test_neetprep_end2end"}, {"name": "subSuite", "value": "Test_NeetPrep_EndToEnd"}, {"name": "host", "value": "SSDs-MBP.lan"}, {"name": "thread", "value": "72044-MainThread"}, {"name": "framework", "value": "pytest"}, {"name": "language", "value": "cpython3"}, {"name": "package", "value": "TestCases.test_neetprep_end2end"}], "titlePath": ["TestCases", "test_neetprep_end2end.py", "Test_NeetPrep_EndToEnd"]}